  camera.cpp
D:\桌面文件\可视化大作业1\破败的世界源码\HugeHomework\HugeHomework\Angel.h(63,47): warning C4305: “初始化”: 从“double”到“GLfloat”截断
D:\桌面文件\可视化大作业1\破败的世界源码\HugeHomework\HugeHomework\mat.h(698,18): warning C4244: “=”: 从“double”转换到“GLfloat”，可能丢失数据
D:\桌面文件\可视化大作业1\破败的世界源码\HugeHomework\HugeHomework\mat.h(699,18): warning C4244: “=”: 从“double”转换到“GLfloat”，可能丢失数据
D:\桌面文件\可视化大作业1\破败的世界源码\HugeHomework\HugeHomework\mat.h(700,18): warning C4244: “=”: 从“double”转换到“GLfloat”，可能丢失数据
D:\桌面文件\可视化大作业1\破败的世界源码\HugeHomework\HugeHomework\mat.h(721,24): warning C4244: “=”: 从“double”转换到“GLfloat”，可能丢失数据
D:\桌面文件\可视化大作业1\破败的世界源码\HugeHomework\HugeHomework\mat.h(723,24): warning C4244: “=”: 从“double”转换到“GLfloat”，可能丢失数据
D:\桌面文件\可视化大作业1\破败的世界源码\HugeHomework\HugeHomework\mat.h(726,30): warning C4244: “=”: 从“double”转换到“GLfloat”，可能丢失数据
D:\桌面文件\可视化大作业1\破败的世界源码\HugeHomework\HugeHomework\mat.h(743,30): warning C4244: “=”: 从“double”转换到“GLfloat”，可能丢失数据
D:\桌面文件\可视化大作业1\破败的世界源码\HugeHomework\HugeHomework\camera.h(20,1): warning C4305: “参数”: 从“double”到“GLfloat”截断
D:\桌面文件\可视化大作业1\破败的世界源码\HugeHomework\HugeHomework\camera.cpp(9,48): warning C4244: “=”: 从“double”转换到“GLfloat”，可能丢失数据
D:\桌面文件\可视化大作业1\破败的世界源码\HugeHomework\HugeHomework\camera.cpp(10,18): warning C4244: “=”: 从“double”转换到“GLfloat”，可能丢失数据
D:\桌面文件\可视化大作业1\破败的世界源码\HugeHomework\HugeHomework\camera.cpp(11,48): warning C4244: “=”: 从“double”转换到“GLfloat”，可能丢失数据
  construction.cpp
D:\桌面文件\可视化大作业1\破败的世界源码\HugeHomework\HugeHomework\constant.h(8,42): warning C4244: “初始化”: 从“double”转换到“float”，可能丢失数据
D:\桌面文件\可视化大作业1\破败的世界源码\HugeHomework\HugeHomework\constant.h(8,24): warning C4244: “初始化”: 从“double”转换到“const float”，可能丢失数据
D:\桌面文件\可视化大作业1\破败的世界源码\HugeHomework\HugeHomework\constant.h(10,36): warning C4244: “初始化”: 从“double”转换到“float”，可能丢失数据
D:\桌面文件\可视化大作业1\破败的世界源码\HugeHomework\HugeHomework\constant.h(10,23): warning C4244: “初始化”: 从“double”转换到“const float”，可能丢失数据
D:\桌面文件\可视化大作业1\破败的世界源码\HugeHomework\HugeHomework\constant.h(11,49): warning C4244: “初始化”: 从“double”转换到“float”，可能丢失数据
D:\桌面文件\可视化大作业1\破败的世界源码\HugeHomework\HugeHomework\constant.h(11,33): warning C4244: “初始化”: 从“double”转换到“const float”，可能丢失数据
D:\桌面文件\可视化大作业1\破败的世界源码\HugeHomework\HugeHomework\constant.h(12,35): warning C4244: “初始化”: 从“double”转换到“float”，可能丢失数据
D:\桌面文件\可视化大作业1\破败的世界源码\HugeHomework\HugeHomework\constant.h(12,23): warning C4244: “初始化”: 从“double”转换到“const float”，可能丢失数据
  draw.cpp
D:\桌面文件\可视化大作业1\破败的世界源码\HugeHomework\HugeHomework\constant.h(8,42): warning C4244: “初始化”: 从“double”转换到“float”，可能丢失数据
D:\桌面文件\可视化大作业1\破败的世界源码\HugeHomework\HugeHomework\constant.h(8,24): warning C4244: “初始化”: 从“double”转换到“const float”，可能丢失数据
D:\桌面文件\可视化大作业1\破败的世界源码\HugeHomework\HugeHomework\constant.h(10,36): warning C4244: “初始化”: 从“double”转换到“float”，可能丢失数据
D:\桌面文件\可视化大作业1\破败的世界源码\HugeHomework\HugeHomework\constant.h(10,23): warning C4244: “初始化”: 从“double”转换到“const float”，可能丢失数据
D:\桌面文件\可视化大作业1\破败的世界源码\HugeHomework\HugeHomework\constant.h(11,49): warning C4244: “初始化”: 从“double”转换到“float”，可能丢失数据
D:\桌面文件\可视化大作业1\破败的世界源码\HugeHomework\HugeHomework\constant.h(11,33): warning C4244: “初始化”: 从“double”转换到“const float”，可能丢失数据
D:\桌面文件\可视化大作业1\破败的世界源码\HugeHomework\HugeHomework\constant.h(12,35): warning C4244: “初始化”: 从“double”转换到“float”，可能丢失数据
D:\桌面文件\可视化大作业1\破败的世界源码\HugeHomework\HugeHomework\constant.h(12,23): warning C4244: “初始化”: 从“double”转换到“const float”，可能丢失数据
D:\桌面文件\可视化大作业1\破败的世界源码\HugeHomework\HugeHomework\Angel.h(63,47): warning C4305: “初始化”: 从“double”到“GLfloat”截断
D:\桌面文件\可视化大作业1\破败的世界源码\HugeHomework\HugeHomework\mat.h(698,18): warning C4244: “=”: 从“double”转换到“GLfloat”，可能丢失数据
D:\桌面文件\可视化大作业1\破败的世界源码\HugeHomework\HugeHomework\mat.h(699,18): warning C4244: “=”: 从“double”转换到“GLfloat”，可能丢失数据
D:\桌面文件\可视化大作业1\破败的世界源码\HugeHomework\HugeHomework\mat.h(700,18): warning C4244: “=”: 从“double”转换到“GLfloat”，可能丢失数据
D:\桌面文件\可视化大作业1\破败的世界源码\HugeHomework\HugeHomework\mat.h(721,24): warning C4244: “=”: 从“double”转换到“GLfloat”，可能丢失数据
D:\桌面文件\可视化大作业1\破败的世界源码\HugeHomework\HugeHomework\mat.h(723,24): warning C4244: “=”: 从“double”转换到“GLfloat”，可能丢失数据
D:\桌面文件\可视化大作业1\破败的世界源码\HugeHomework\HugeHomework\mat.h(726,30): warning C4244: “=”: 从“double”转换到“GLfloat”，可能丢失数据
D:\桌面文件\可视化大作业1\破败的世界源码\HugeHomework\HugeHomework\mat.h(743,30): warning C4244: “=”: 从“double”转换到“GLfloat”，可能丢失数据
D:\桌面文件\可视化大作业1\破败的世界源码\HugeHomework\HugeHomework\camera.h(20,1): warning C4305: “参数”: 从“double”到“GLfloat”截断
D:\桌面文件\可视化大作业1\破败的世界源码\HugeHomework\HugeHomework\draw.cpp(138,19): warning C4018: “>=”: 有符号/无符号不匹配
D:\桌面文件\可视化大作业1\破败的世界源码\HugeHomework\HugeHomework\draw.cpp(150,30): warning C4244: “+=”: 从“double”转换到“float”，可能丢失数据
D:\桌面文件\可视化大作业1\破败的世界源码\HugeHomework\HugeHomework\draw.cpp(151,26): warning C4244: “=”: 从“double”转换到“float”，可能丢失数据
D:\桌面文件\可视化大作业1\破败的世界源码\HugeHomework\HugeHomework\draw.cpp(152,26): warning C4244: “=”: 从“double”转换到“float”，可能丢失数据
D:\桌面文件\可视化大作业1\破败的世界源码\HugeHomework\HugeHomework\draw.cpp(153,26): warning C4244: “=”: 从“double”转换到“float”，可能丢失数据
D:\桌面文件\可视化大作业1\破败的世界源码\HugeHomework\HugeHomework\draw.cpp(155,26): warning C4244: “=”: 从“double”转换到“float”，可能丢失数据
D:\桌面文件\可视化大作业1\破败的世界源码\HugeHomework\HugeHomework\draw.cpp(156,26): warning C4244: “=”: 从“double”转换到“float”，可能丢失数据
D:\桌面文件\可视化大作业1\破败的世界源码\HugeHomework\HugeHomework\draw.cpp(157,26): warning C4244: “=”: 从“double”转换到“float”，可能丢失数据
D:\桌面文件\可视化大作业1\破败的世界源码\HugeHomework\HugeHomework\draw.cpp(159,26): warning C4244: “=”: 从“double”转换到“float”，可能丢失数据
D:\桌面文件\可视化大作业1\破败的世界源码\HugeHomework\HugeHomework\draw.cpp(160,26): warning C4244: “=”: 从“double”转换到“float”，可能丢失数据
D:\桌面文件\可视化大作业1\破败的世界源码\HugeHomework\HugeHomework\draw.cpp(161,26): warning C4244: “=”: 从“double”转换到“float”，可能丢失数据
D:\桌面文件\可视化大作业1\破败的世界源码\HugeHomework\HugeHomework\draw.cpp(163,26): warning C4244: “=”: 从“double”转换到“float”，可能丢失数据
D:\桌面文件\可视化大作业1\破败的世界源码\HugeHomework\HugeHomework\draw.cpp(164,26): warning C4244: “=”: 从“double”转换到“float”，可能丢失数据
D:\桌面文件\可视化大作业1\破败的世界源码\HugeHomework\HugeHomework\draw.cpp(165,26): warning C4244: “=”: 从“double”转换到“float”，可能丢失数据
D:\桌面文件\可视化大作业1\破败的世界源码\HugeHomework\HugeHomework\draw.cpp(167,26): warning C4244: “=”: 从“double”转换到“float”，可能丢失数据
D:\桌面文件\可视化大作业1\破败的世界源码\HugeHomework\HugeHomework\draw.cpp(168,26): warning C4244: “=”: 从“double”转换到“float”，可能丢失数据
D:\桌面文件\可视化大作业1\破败的世界源码\HugeHomework\HugeHomework\draw.cpp(169,26): warning C4244: “=”: 从“double”转换到“float”，可能丢失数据
D:\桌面文件\可视化大作业1\破败的世界源码\HugeHomework\HugeHomework\draw.cpp(171,26): warning C4244: “=”: 从“double”转换到“float”，可能丢失数据
D:\桌面文件\可视化大作业1\破败的世界源码\HugeHomework\HugeHomework\draw.cpp(172,26): warning C4244: “=”: 从“double”转换到“float”，可能丢失数据
D:\桌面文件\可视化大作业1\破败的世界源码\HugeHomework\HugeHomework\draw.cpp(173,26): warning C4244: “=”: 从“double”转换到“float”，可能丢失数据
D:\桌面文件\可视化大作业1\破败的世界源码\HugeHomework\HugeHomework\draw.cpp(175,26): warning C4244: “=”: 从“double”转换到“float”，可能丢失数据
D:\桌面文件\可视化大作业1\破败的世界源码\HugeHomework\HugeHomework\draw.cpp(176,26): warning C4244: “=”: 从“double”转换到“float”，可能丢失数据
D:\桌面文件\可视化大作业1\破败的世界源码\HugeHomework\HugeHomework\draw.cpp(177,26): warning C4244: “=”: 从“double”转换到“float”，可能丢失数据
D:\桌面文件\可视化大作业1\破败的世界源码\HugeHomework\HugeHomework\draw.cpp(179,26): warning C4244: “=”: 从“double”转换到“float”，可能丢失数据
D:\桌面文件\可视化大作业1\破败的世界源码\HugeHomework\HugeHomework\draw.cpp(180,26): warning C4244: “=”: 从“double”转换到“float”，可能丢失数据
D:\桌面文件\可视化大作业1\破败的世界源码\HugeHomework\HugeHomework\draw.cpp(181,26): warning C4244: “=”: 从“double”转换到“float”，可能丢失数据
D:\桌面文件\可视化大作业1\破败的世界源码\HugeHomework\HugeHomework\draw.cpp(309,41): warning C4244: “参数”: 从“float”转换到“GLint”，可能丢失数据
D:\桌面文件\可视化大作业1\破败的世界源码\HugeHomework\HugeHomework\draw.cpp(309,33): warning C4244: “参数”: 从“float”转换到“GLint”，可能丢失数据
D:\桌面文件\可视化大作业1\破败的世界源码\HugeHomework\HugeHomework\draw.cpp(357,42): warning C4244: “参数”: 从“float”转换到“GLint”，可能丢失数据
D:\桌面文件\可视化大作业1\破败的世界源码\HugeHomework\HugeHomework\draw.cpp(357,35): warning C4244: “参数”: 从“float”转换到“GLint”，可能丢失数据
D:\桌面文件\可视化大作业1\破败的世界源码\HugeHomework\HugeHomework\draw.cpp(364,36): warning C4305: “+=”: 从“double”到“float”截断
D:\桌面文件\可视化大作业1\破败的世界源码\HugeHomework\HugeHomework\draw.cpp(391,41): warning C4244: “参数”: 从“float”转换到“GLint”，可能丢失数据
D:\桌面文件\可视化大作业1\破败的世界源码\HugeHomework\HugeHomework\draw.cpp(391,34): warning C4244: “参数”: 从“float”转换到“GLint”，可能丢失数据
D:\桌面文件\可视化大作业1\破败的世界源码\HugeHomework\HugeHomework\draw.cpp(393,24): warning C4305: “+=”: 从“double”到“float”截断
D:\桌面文件\可视化大作业1\破败的世界源码\HugeHomework\HugeHomework\draw.cpp(397,38): warning C4305: “+=”: 从“double”到“float”截断
D:\桌面文件\可视化大作业1\破败的世界源码\HugeHomework\HugeHomework\draw.cpp(422,39): warning C4244: “参数”: 从“float”转换到“GLint”，可能丢失数据
D:\桌面文件\可视化大作业1\破败的世界源码\HugeHomework\HugeHomework\draw.cpp(422,32): warning C4244: “参数”: 从“float”转换到“GLint”，可能丢失数据
D:\桌面文件\可视化大作业1\破败的世界源码\HugeHomework\HugeHomework\draw.cpp(429,39): warning C4305: “+=”: 从“double”到“float”截断
  InitShader.cpp
D:\桌面文件\可视化大作业1\破败的世界源码\HugeHomework\HugeHomework\Angel.h(63,47): warning C4305: “初始化”: 从“double”到“GLfloat”截断
D:\桌面文件\可视化大作业1\破败的世界源码\HugeHomework\HugeHomework\mat.h(698,18): warning C4244: “=”: 从“double”转换到“GLfloat”，可能丢失数据
D:\桌面文件\可视化大作业1\破败的世界源码\HugeHomework\HugeHomework\mat.h(699,18): warning C4244: “=”: 从“double”转换到“GLfloat”，可能丢失数据
D:\桌面文件\可视化大作业1\破败的世界源码\HugeHomework\HugeHomework\mat.h(700,18): warning C4244: “=”: 从“double”转换到“GLfloat”，可能丢失数据
D:\桌面文件\可视化大作业1\破败的世界源码\HugeHomework\HugeHomework\mat.h(721,24): warning C4244: “=”: 从“double”转换到“GLfloat”，可能丢失数据
D:\桌面文件\可视化大作业1\破败的世界源码\HugeHomework\HugeHomework\mat.h(723,24): warning C4244: “=”: 从“double”转换到“GLfloat”，可能丢失数据
D:\桌面文件\可视化大作业1\破败的世界源码\HugeHomework\HugeHomework\mat.h(726,30): warning C4244: “=”: 从“double”转换到“GLfloat”，可能丢失数据
D:\桌面文件\可视化大作业1\破败的世界源码\HugeHomework\HugeHomework\mat.h(743,30): warning C4244: “=”: 从“double”转换到“GLfloat”，可能丢失数据
  main.cpp
D:\桌面文件\可视化大作业1\破败的世界源码\HugeHomework\HugeHomework\constant.h(8,42): warning C4244: “初始化”: 从“double”转换到“float”，可能丢失数据
D:\桌面文件\可视化大作业1\破败的世界源码\HugeHomework\HugeHomework\constant.h(8,24): warning C4244: “初始化”: 从“double”转换到“const float”，可能丢失数据
D:\桌面文件\可视化大作业1\破败的世界源码\HugeHomework\HugeHomework\constant.h(10,36): warning C4244: “初始化”: 从“double”转换到“float”，可能丢失数据
D:\桌面文件\可视化大作业1\破败的世界源码\HugeHomework\HugeHomework\constant.h(10,23): warning C4244: “初始化”: 从“double”转换到“const float”，可能丢失数据
D:\桌面文件\可视化大作业1\破败的世界源码\HugeHomework\HugeHomework\constant.h(11,49): warning C4244: “初始化”: 从“double”转换到“float”，可能丢失数据
D:\桌面文件\可视化大作业1\破败的世界源码\HugeHomework\HugeHomework\constant.h(11,33): warning C4244: “初始化”: 从“double”转换到“const float”，可能丢失数据
D:\桌面文件\可视化大作业1\破败的世界源码\HugeHomework\HugeHomework\constant.h(12,35): warning C4244: “初始化”: 从“double”转换到“float”，可能丢失数据
D:\桌面文件\可视化大作业1\破败的世界源码\HugeHomework\HugeHomework\constant.h(12,23): warning C4244: “初始化”: 从“double”转换到“const float”，可能丢失数据
D:\桌面文件\可视化大作业1\破败的世界源码\HugeHomework\HugeHomework\Angel.h(63,47): warning C4305: “初始化”: 从“double”到“GLfloat”截断
D:\桌面文件\可视化大作业1\破败的世界源码\HugeHomework\HugeHomework\mat.h(698,18): warning C4244: “=”: 从“double”转换到“GLfloat”，可能丢失数据
D:\桌面文件\可视化大作业1\破败的世界源码\HugeHomework\HugeHomework\mat.h(699,18): warning C4244: “=”: 从“double”转换到“GLfloat”，可能丢失数据
D:\桌面文件\可视化大作业1\破败的世界源码\HugeHomework\HugeHomework\mat.h(700,18): warning C4244: “=”: 从“double”转换到“GLfloat”，可能丢失数据
D:\桌面文件\可视化大作业1\破败的世界源码\HugeHomework\HugeHomework\mat.h(721,24): warning C4244: “=”: 从“double”转换到“GLfloat”，可能丢失数据
D:\桌面文件\可视化大作业1\破败的世界源码\HugeHomework\HugeHomework\mat.h(723,24): warning C4244: “=”: 从“double”转换到“GLfloat”，可能丢失数据
D:\桌面文件\可视化大作业1\破败的世界源码\HugeHomework\HugeHomework\mat.h(726,30): warning C4244: “=”: 从“double”转换到“GLfloat”，可能丢失数据
D:\桌面文件\可视化大作业1\破败的世界源码\HugeHomework\HugeHomework\mat.h(743,30): warning C4244: “=”: 从“double”转换到“GLfloat”，可能丢失数据
D:\桌面文件\可视化大作业1\破败的世界源码\HugeHomework\HugeHomework\camera.h(20,1): warning C4305: “参数”: 从“double”到“GLfloat”截断
D:\桌面文件\可视化大作业1\破败的世界源码\HugeHomework\HugeHomework\main.cpp(14,55): warning C4305: “参数”: 从“double”到“GLfloat”截断
D:\桌面文件\可视化大作业1\破败的世界源码\HugeHomework\HugeHomework\main.cpp(55,14): warning C4244: “=”: 从“int”转换到“GLfloat”，可能丢失数据
D:\桌面文件\可视化大作业1\破败的世界源码\HugeHomework\HugeHomework\main.cpp(56,14): warning C4244: “=”: 从“int”转换到“GLfloat”，可能丢失数据
  正在生成代码...
  正在生成代码
  0 of 102 functions ( 0.0%) were compiled, the rest were copied from previous compilation.
    0 functions were new in current compilation
    0 functions had inline decision re-evaluated but remain unchanged
  已完成代码的生成
SOIL.lib(SOIL.obj) : warning LNK4099: 未找到 PDB“SOIL.pdb”(使用“SOIL.lib(SOIL.obj)”或在“D:\桌面文件\可视化大作业1\破败的世界源码\HugeHomework\Release\SOIL.pdb”中寻找)；正在链接对象，如同没有调试信息一样
SOIL.lib(image_helper.obj) : warning LNK4099: 未找到 PDB“SOIL.pdb”(使用“SOIL.lib(image_helper.obj)”或在“D:\桌面文件\可视化大作业1\破败的世界源码\HugeHomework\Release\SOIL.pdb”中寻找)；正在链接对象，如同没有调试信息一样
SOIL.lib(stb_image_aug.obj) : warning LNK4099: 未找到 PDB“SOIL.pdb”(使用“SOIL.lib(stb_image_aug.obj)”或在“D:\桌面文件\可视化大作业1\破败的世界源码\HugeHomework\Release\SOIL.pdb”中寻找)；正在链接对象，如同没有调试信息一样
SOIL.lib(image_DXT.obj) : warning LNK4099: 未找到 PDB“SOIL.pdb”(使用“SOIL.lib(image_DXT.obj)”或在“D:\桌面文件\可视化大作业1\破败的世界源码\HugeHomework\Release\SOIL.pdb”中寻找)；正在链接对象，如同没有调试信息一样
  HugeHomework.vcxproj -> D:\桌面文件\可视化大作业1\破败的世界源码\HugeHomework\Release\HugeHomework.exe
