  camera.cpp
D:\桌面文件\可视化大作业1\破败的世界源码\HugeHomework\HugeHomework\Angel.h(63,47): warning C4305: “初始化”: 从“double”到“GLfloat”截断
D:\桌面文件\可视化大作业1\破败的世界源码\HugeHomework\HugeHomework\mat.h(698,18): warning C4244: “=”: 从“double”转换到“GLfloat”，可能丢失数据
D:\桌面文件\可视化大作业1\破败的世界源码\HugeHomework\HugeHomework\mat.h(699,18): warning C4244: “=”: 从“double”转换到“GLfloat”，可能丢失数据
D:\桌面文件\可视化大作业1\破败的世界源码\HugeHomework\HugeHomework\mat.h(700,18): warning C4244: “=”: 从“double”转换到“GLfloat”，可能丢失数据
D:\桌面文件\可视化大作业1\破败的世界源码\HugeHomework\HugeHomework\mat.h(721,24): warning C4244: “=”: 从“double”转换到“GLfloat”，可能丢失数据
D:\桌面文件\可视化大作业1\破败的世界源码\HugeHomework\HugeHomework\mat.h(723,24): warning C4244: “=”: 从“double”转换到“GLfloat”，可能丢失数据
D:\桌面文件\可视化大作业1\破败的世界源码\HugeHomework\HugeHomework\mat.h(726,30): warning C4244: “=”: 从“double”转换到“GLfloat”，可能丢失数据
D:\桌面文件\可视化大作业1\破败的世界源码\HugeHomework\HugeHomework\mat.h(743,30): warning C4244: “=”: 从“double”转换到“GLfloat”，可能丢失数据
D:\桌面文件\可视化大作业1\破败的世界源码\HugeHomework\HugeHomework\camera.h(20,1): warning C4305: “参数”: 从“double”到“GLfloat”截断
D:\桌面文件\可视化大作业1\破败的世界源码\HugeHomework\HugeHomework\camera.cpp(9,48): warning C4244: “=”: 从“double”转换到“GLfloat”，可能丢失数据
D:\桌面文件\可视化大作业1\破败的世界源码\HugeHomework\HugeHomework\camera.cpp(10,18): warning C4244: “=”: 从“double”转换到“GLfloat”，可能丢失数据
D:\桌面文件\可视化大作业1\破败的世界源码\HugeHomework\HugeHomework\camera.cpp(11,48): warning C4244: “=”: 从“double”转换到“GLfloat”，可能丢失数据
  construction.cpp
D:\桌面文件\可视化大作业1\破败的世界源码\HugeHomework\HugeHomework\constant.h(8,42): warning C4244: “初始化”: 从“double”转换到“float”，可能丢失数据
D:\桌面文件\可视化大作业1\破败的世界源码\HugeHomework\HugeHomework\constant.h(8,24): warning C4244: “初始化”: 从“double”转换到“const float”，可能丢失数据
D:\桌面文件\可视化大作业1\破败的世界源码\HugeHomework\HugeHomework\constant.h(10,36): warning C4244: “初始化”: 从“double”转换到“float”，可能丢失数据
D:\桌面文件\可视化大作业1\破败的世界源码\HugeHomework\HugeHomework\constant.h(10,23): warning C4244: “初始化”: 从“double”转换到“const float”，可能丢失数据
D:\桌面文件\可视化大作业1\破败的世界源码\HugeHomework\HugeHomework\constant.h(11,49): warning C4244: “初始化”: 从“double”转换到“float”，可能丢失数据
D:\桌面文件\可视化大作业1\破败的世界源码\HugeHomework\HugeHomework\constant.h(11,33): warning C4244: “初始化”: 从“double”转换到“const float”，可能丢失数据
D:\桌面文件\可视化大作业1\破败的世界源码\HugeHomework\HugeHomework\constant.h(12,35): warning C4244: “初始化”: 从“double”转换到“float”，可能丢失数据
D:\桌面文件\可视化大作业1\破败的世界源码\HugeHomework\HugeHomework\constant.h(12,23): warning C4244: “初始化”: 从“double”转换到“const float”，可能丢失数据
  draw.cpp
D:\桌面文件\可视化大作业1\破败的世界源码\HugeHomework\HugeHomework\constant.h(8,42): warning C4244: “初始化”: 从“double”转换到“float”，可能丢失数据
D:\桌面文件\可视化大作业1\破败的世界源码\HugeHomework\HugeHomework\constant.h(8,24): warning C4244: “初始化”: 从“double”转换到“const float”，可能丢失数据
D:\桌面文件\可视化大作业1\破败的世界源码\HugeHomework\HugeHomework\constant.h(10,36): warning C4244: “初始化”: 从“double”转换到“float”，可能丢失数据
D:\桌面文件\可视化大作业1\破败的世界源码\HugeHomework\HugeHomework\constant.h(10,23): warning C4244: “初始化”: 从“double”转换到“const float”，可能丢失数据
D:\桌面文件\可视化大作业1\破败的世界源码\HugeHomework\HugeHomework\constant.h(11,49): warning C4244: “初始化”: 从“double”转换到“float”，可能丢失数据
D:\桌面文件\可视化大作业1\破败的世界源码\HugeHomework\HugeHomework\constant.h(11,33): warning C4244: “初始化”: 从“double”转换到“const float”，可能丢失数据
D:\桌面文件\可视化大作业1\破败的世界源码\HugeHomework\HugeHomework\constant.h(12,35): warning C4244: “初始化”: 从“double”转换到“float”，可能丢失数据
D:\桌面文件\可视化大作业1\破败的世界源码\HugeHomework\HugeHomework\constant.h(12,23): warning C4244: “初始化”: 从“double”转换到“const float”，可能丢失数据
D:\桌面文件\可视化大作业1\破败的世界源码\HugeHomework\HugeHomework\Angel.h(63,47): warning C4305: “初始化”: 从“double”到“GLfloat”截断
D:\桌面文件\可视化大作业1\破败的世界源码\HugeHomework\HugeHomework\mat.h(698,18): warning C4244: “=”: 从“double”转换到“GLfloat”，可能丢失数据
D:\桌面文件\可视化大作业1\破败的世界源码\HugeHomework\HugeHomework\mat.h(699,18): warning C4244: “=”: 从“double”转换到“GLfloat”，可能丢失数据
D:\桌面文件\可视化大作业1\破败的世界源码\HugeHomework\HugeHomework\mat.h(700,18): warning C4244: “=”: 从“double”转换到“GLfloat”，可能丢失数据
D:\桌面文件\可视化大作业1\破败的世界源码\HugeHomework\HugeHomework\mat.h(721,24): warning C4244: “=”: 从“double”转换到“GLfloat”，可能丢失数据
D:\桌面文件\可视化大作业1\破败的世界源码\HugeHomework\HugeHomework\mat.h(723,24): warning C4244: “=”: 从“double”转换到“GLfloat”，可能丢失数据
D:\桌面文件\可视化大作业1\破败的世界源码\HugeHomework\HugeHomework\mat.h(726,30): warning C4244: “=”: 从“double”转换到“GLfloat”，可能丢失数据
D:\桌面文件\可视化大作业1\破败的世界源码\HugeHomework\HugeHomework\mat.h(743,30): warning C4244: “=”: 从“double”转换到“GLfloat”，可能丢失数据
D:\桌面文件\可视化大作业1\破败的世界源码\HugeHomework\HugeHomework\camera.h(20,1): warning C4305: “参数”: 从“double”到“GLfloat”截断
D:\桌面文件\可视化大作业1\破败的世界源码\HugeHomework\HugeHomework\draw.cpp(150,30): warning C4244: “+=”: 从“double”转换到“float”，可能丢失数据
D:\桌面文件\可视化大作业1\破败的世界源码\HugeHomework\HugeHomework\draw.cpp(151,26): warning C4244: “=”: 从“double”转换到“float”，可能丢失数据
D:\桌面文件\可视化大作业1\破败的世界源码\HugeHomework\HugeHomework\draw.cpp(152,26): warning C4244: “=”: 从“double”转换到“float”，可能丢失数据
D:\桌面文件\可视化大作业1\破败的世界源码\HugeHomework\HugeHomework\draw.cpp(153,26): warning C4244: “=”: 从“double”转换到“float”，可能丢失数据
D:\桌面文件\可视化大作业1\破败的世界源码\HugeHomework\HugeHomework\draw.cpp(155,26): warning C4244: “=”: 从“double”转换到“float”，可能丢失数据
D:\桌面文件\可视化大作业1\破败的世界源码\HugeHomework\HugeHomework\draw.cpp(156,26): warning C4244: “=”: 从“double”转换到“float”，可能丢失数据
D:\桌面文件\可视化大作业1\破败的世界源码\HugeHomework\HugeHomework\draw.cpp(157,26): warning C4244: “=”: 从“double”转换到“float”，可能丢失数据
D:\桌面文件\可视化大作业1\破败的世界源码\HugeHomework\HugeHomework\draw.cpp(159,26): warning C4244: “=”: 从“double”转换到“float”，可能丢失数据
D:\桌面文件\可视化大作业1\破败的世界源码\HugeHomework\HugeHomework\draw.cpp(160,26): warning C4244: “=”: 从“double”转换到“float”，可能丢失数据
D:\桌面文件\可视化大作业1\破败的世界源码\HugeHomework\HugeHomework\draw.cpp(161,26): warning C4244: “=”: 从“double”转换到“float”，可能丢失数据
D:\桌面文件\可视化大作业1\破败的世界源码\HugeHomework\HugeHomework\draw.cpp(163,26): warning C4244: “=”: 从“double”转换到“float”，可能丢失数据
D:\桌面文件\可视化大作业1\破败的世界源码\HugeHomework\HugeHomework\draw.cpp(164,26): warning C4244: “=”: 从“double”转换到“float”，可能丢失数据
D:\桌面文件\可视化大作业1\破败的世界源码\HugeHomework\HugeHomework\draw.cpp(165,26): warning C4244: “=”: 从“double”转换到“float”，可能丢失数据
D:\桌面文件\可视化大作业1\破败的世界源码\HugeHomework\HugeHomework\draw.cpp(167,26): warning C4244: “=”: 从“double”转换到“float”，可能丢失数据
D:\桌面文件\可视化大作业1\破败的世界源码\HugeHomework\HugeHomework\draw.cpp(168,26): warning C4244: “=”: 从“double”转换到“float”，可能丢失数据
D:\桌面文件\可视化大作业1\破败的世界源码\HugeHomework\HugeHomework\draw.cpp(169,26): warning C4244: “=”: 从“double”转换到“float”，可能丢失数据
D:\桌面文件\可视化大作业1\破败的世界源码\HugeHomework\HugeHomework\draw.cpp(171,26): warning C4244: “=”: 从“double”转换到“float”，可能丢失数据
D:\桌面文件\可视化大作业1\破败的世界源码\HugeHomework\HugeHomework\draw.cpp(172,26): warning C4244: “=”: 从“double”转换到“float”，可能丢失数据
D:\桌面文件\可视化大作业1\破败的世界源码\HugeHomework\HugeHomework\draw.cpp(173,26): warning C4244: “=”: 从“double”转换到“float”，可能丢失数据
D:\桌面文件\可视化大作业1\破败的世界源码\HugeHomework\HugeHomework\draw.cpp(175,26): warning C4244: “=”: 从“double”转换到“float”，可能丢失数据
D:\桌面文件\可视化大作业1\破败的世界源码\HugeHomework\HugeHomework\draw.cpp(176,26): warning C4244: “=”: 从“double”转换到“float”，可能丢失数据
D:\桌面文件\可视化大作业1\破败的世界源码\HugeHomework\HugeHomework\draw.cpp(177,26): warning C4244: “=”: 从“double”转换到“float”，可能丢失数据
D:\桌面文件\可视化大作业1\破败的世界源码\HugeHomework\HugeHomework\draw.cpp(179,26): warning C4244: “=”: 从“double”转换到“float”，可能丢失数据
D:\桌面文件\可视化大作业1\破败的世界源码\HugeHomework\HugeHomework\draw.cpp(180,26): warning C4244: “=”: 从“double”转换到“float”，可能丢失数据
D:\桌面文件\可视化大作业1\破败的世界源码\HugeHomework\HugeHomework\draw.cpp(181,26): warning C4244: “=”: 从“double”转换到“float”，可能丢失数据
D:\桌面文件\可视化大作业1\破败的世界源码\HugeHomework\HugeHomework\draw.cpp(309,41): warning C4244: “参数”: 从“float”转换到“GLint”，可能丢失数据
D:\桌面文件\可视化大作业1\破败的世界源码\HugeHomework\HugeHomework\draw.cpp(309,33): warning C4244: “参数”: 从“float”转换到“GLint”，可能丢失数据
D:\桌面文件\可视化大作业1\破败的世界源码\HugeHomework\HugeHomework\draw.cpp(357,42): warning C4244: “参数”: 从“float”转换到“GLint”，可能丢失数据
D:\桌面文件\可视化大作业1\破败的世界源码\HugeHomework\HugeHomework\draw.cpp(357,35): warning C4244: “参数”: 从“float”转换到“GLint”，可能丢失数据
D:\桌面文件\可视化大作业1\破败的世界源码\HugeHomework\HugeHomework\draw.cpp(364,36): warning C4305: “+=”: 从“double”到“float”截断
D:\桌面文件\可视化大作业1\破败的世界源码\HugeHomework\HugeHomework\draw.cpp(391,41): warning C4244: “参数”: 从“float”转换到“GLint”，可能丢失数据
D:\桌面文件\可视化大作业1\破败的世界源码\HugeHomework\HugeHomework\draw.cpp(391,34): warning C4244: “参数”: 从“float”转换到“GLint”，可能丢失数据
D:\桌面文件\可视化大作业1\破败的世界源码\HugeHomework\HugeHomework\draw.cpp(393,24): warning C4305: “+=”: 从“double”到“float”截断
D:\桌面文件\可视化大作业1\破败的世界源码\HugeHomework\HugeHomework\draw.cpp(397,38): warning C4305: “+=”: 从“double”到“float”截断
D:\桌面文件\可视化大作业1\破败的世界源码\HugeHomework\HugeHomework\draw.cpp(422,39): warning C4244: “参数”: 从“float”转换到“GLint”，可能丢失数据
D:\桌面文件\可视化大作业1\破败的世界源码\HugeHomework\HugeHomework\draw.cpp(422,32): warning C4244: “参数”: 从“float”转换到“GLint”，可能丢失数据
D:\桌面文件\可视化大作业1\破败的世界源码\HugeHomework\HugeHomework\draw.cpp(429,39): warning C4305: “+=”: 从“double”到“float”截断
  InitShader.cpp
D:\桌面文件\可视化大作业1\破败的世界源码\HugeHomework\HugeHomework\Angel.h(63,47): warning C4305: “初始化”: 从“double”到“GLfloat”截断
D:\桌面文件\可视化大作业1\破败的世界源码\HugeHomework\HugeHomework\mat.h(698,18): warning C4244: “=”: 从“double”转换到“GLfloat”，可能丢失数据
D:\桌面文件\可视化大作业1\破败的世界源码\HugeHomework\HugeHomework\mat.h(699,18): warning C4244: “=”: 从“double”转换到“GLfloat”，可能丢失数据
D:\桌面文件\可视化大作业1\破败的世界源码\HugeHomework\HugeHomework\mat.h(700,18): warning C4244: “=”: 从“double”转换到“GLfloat”，可能丢失数据
D:\桌面文件\可视化大作业1\破败的世界源码\HugeHomework\HugeHomework\mat.h(721,24): warning C4244: “=”: 从“double”转换到“GLfloat”，可能丢失数据
D:\桌面文件\可视化大作业1\破败的世界源码\HugeHomework\HugeHomework\mat.h(723,24): warning C4244: “=”: 从“double”转换到“GLfloat”，可能丢失数据
D:\桌面文件\可视化大作业1\破败的世界源码\HugeHomework\HugeHomework\mat.h(726,30): warning C4244: “=”: 从“double”转换到“GLfloat”，可能丢失数据
D:\桌面文件\可视化大作业1\破败的世界源码\HugeHomework\HugeHomework\mat.h(743,30): warning C4244: “=”: 从“double”转换到“GLfloat”，可能丢失数据
  main.cpp
D:\桌面文件\可视化大作业1\破败的世界源码\HugeHomework\HugeHomework\constant.h(8,42): warning C4244: “初始化”: 从“double”转换到“float”，可能丢失数据
D:\桌面文件\可视化大作业1\破败的世界源码\HugeHomework\HugeHomework\constant.h(8,24): warning C4244: “初始化”: 从“double”转换到“const float”，可能丢失数据
D:\桌面文件\可视化大作业1\破败的世界源码\HugeHomework\HugeHomework\constant.h(10,36): warning C4244: “初始化”: 从“double”转换到“float”，可能丢失数据
D:\桌面文件\可视化大作业1\破败的世界源码\HugeHomework\HugeHomework\constant.h(10,23): warning C4244: “初始化”: 从“double”转换到“const float”，可能丢失数据
D:\桌面文件\可视化大作业1\破败的世界源码\HugeHomework\HugeHomework\constant.h(11,49): warning C4244: “初始化”: 从“double”转换到“float”，可能丢失数据
D:\桌面文件\可视化大作业1\破败的世界源码\HugeHomework\HugeHomework\constant.h(11,33): warning C4244: “初始化”: 从“double”转换到“const float”，可能丢失数据
D:\桌面文件\可视化大作业1\破败的世界源码\HugeHomework\HugeHomework\constant.h(12,35): warning C4244: “初始化”: 从“double”转换到“float”，可能丢失数据
D:\桌面文件\可视化大作业1\破败的世界源码\HugeHomework\HugeHomework\constant.h(12,23): warning C4244: “初始化”: 从“double”转换到“const float”，可能丢失数据
D:\桌面文件\可视化大作业1\破败的世界源码\HugeHomework\HugeHomework\Angel.h(63,47): warning C4305: “初始化”: 从“double”到“GLfloat”截断
D:\桌面文件\可视化大作业1\破败的世界源码\HugeHomework\HugeHomework\mat.h(698,18): warning C4244: “=”: 从“double”转换到“GLfloat”，可能丢失数据
D:\桌面文件\可视化大作业1\破败的世界源码\HugeHomework\HugeHomework\mat.h(699,18): warning C4244: “=”: 从“double”转换到“GLfloat”，可能丢失数据
D:\桌面文件\可视化大作业1\破败的世界源码\HugeHomework\HugeHomework\mat.h(700,18): warning C4244: “=”: 从“double”转换到“GLfloat”，可能丢失数据
D:\桌面文件\可视化大作业1\破败的世界源码\HugeHomework\HugeHomework\mat.h(721,24): warning C4244: “=”: 从“double”转换到“GLfloat”，可能丢失数据
D:\桌面文件\可视化大作业1\破败的世界源码\HugeHomework\HugeHomework\mat.h(723,24): warning C4244: “=”: 从“double”转换到“GLfloat”，可能丢失数据
D:\桌面文件\可视化大作业1\破败的世界源码\HugeHomework\HugeHomework\mat.h(726,30): warning C4244: “=”: 从“double”转换到“GLfloat”，可能丢失数据
D:\桌面文件\可视化大作业1\破败的世界源码\HugeHomework\HugeHomework\mat.h(743,30): warning C4244: “=”: 从“double”转换到“GLfloat”，可能丢失数据
D:\桌面文件\可视化大作业1\破败的世界源码\HugeHomework\HugeHomework\camera.h(20,1): warning C4305: “参数”: 从“double”到“GLfloat”截断
D:\桌面文件\可视化大作业1\破败的世界源码\HugeHomework\HugeHomework\main.cpp(14,55): warning C4305: “参数”: 从“double”到“GLfloat”截断
D:\桌面文件\可视化大作业1\破败的世界源码\HugeHomework\HugeHomework\main.cpp(55,14): warning C4244: “=”: 从“int”转换到“GLfloat”，可能丢失数据
D:\桌面文件\可视化大作业1\破败的世界源码\HugeHomework\HugeHomework\main.cpp(56,14): warning C4244: “=”: 从“int”转换到“GLfloat”，可能丢失数据
  正在生成代码...
draw.obj : error LNK2019: 无法解析的外部符号 SOIL_load_image，该符号在函数 "struct texture_data __cdecl load_texture(char const *)" (?load_texture@@YA?AUtexture_data@@PEBD@Z) 中被引用
draw.obj : error LNK2019: 无法解析的外部符号 SOIL_free_image_data，该符号在函数 "void __cdecl add_textures(void)" (?add_textures@@YAXXZ) 中被引用
InitShader.obj : error LNK2001: 无法解析的外部符号 __imp___glewAttachShader
InitShader.obj : error LNK2001: 无法解析的外部符号 __imp___glewCompileShader
InitShader.obj : error LNK2001: 无法解析的外部符号 __imp___glewCreateProgram
InitShader.obj : error LNK2001: 无法解析的外部符号 __imp___glewCreateShader
InitShader.obj : error LNK2001: 无法解析的外部符号 __imp___glewGetProgramInfoLog
InitShader.obj : error LNK2001: 无法解析的外部符号 __imp___glewGetProgramiv
InitShader.obj : error LNK2001: 无法解析的外部符号 __imp___glewGetShaderInfoLog
InitShader.obj : error LNK2001: 无法解析的外部符号 __imp___glewGetShaderiv
InitShader.obj : error LNK2001: 无法解析的外部符号 __imp___glewLinkProgram
InitShader.obj : error LNK2001: 无法解析的外部符号 __imp___glewShaderSource
InitShader.obj : error LNK2001: 无法解析的外部符号 __imp___glewUseProgram
main.obj : error LNK2019: 无法解析的外部符号 __imp_glewInit，该符号在函数 "void __cdecl init(void)" (?init@@YAXXZ) 中被引用
main.obj : error LNK2019: 无法解析的外部符号 __imp_glutInitWindowPosition，该符号在函数 "void __cdecl init(void)" (?init@@YAXXZ) 中被引用
main.obj : error LNK2019: 无法解析的外部符号 __imp_glutInitWindowSize，该符号在函数 "void __cdecl init(void)" (?init@@YAXXZ) 中被引用
main.obj : error LNK2019: 无法解析的外部符号 __imp_glutInitDisplayMode，该符号在函数 "void __cdecl init(void)" (?init@@YAXXZ) 中被引用
main.obj : error LNK2019: 无法解析的外部符号 __imp_glutMainLoop，该符号在函数 main 中被引用
main.obj : error LNK2019: 无法解析的外部符号 __imp_glutPostWindowRedisplay，该符号在函数 "void __cdecl RenderScene(void)" (?RenderScene@@YAXXZ) 中被引用
main.obj : error LNK2019: 无法解析的外部符号 __imp_glutPostRedisplay，该符号在函数 "void __cdecl motion(int,int)" (?motion@@YAXHH@Z) 中被引用
main.obj : error LNK2019: 无法解析的外部符号 __imp_glutSwapBuffers，该符号在函数 "void __cdecl RenderScene(void)" (?RenderScene@@YAXXZ) 中被引用
main.obj : error LNK2019: 无法解析的外部符号 __imp_glutKeyboardFunc，该符号在函数 "void __cdecl init(void)" (?init@@YAXXZ) 中被引用
main.obj : error LNK2019: 无法解析的外部符号 __imp_glutReshapeFunc，该符号在函数 "void __cdecl init(void)" (?init@@YAXXZ) 中被引用
main.obj : error LNK2019: 无法解析的外部符号 __imp_glutDisplayFunc，该符号在函数 "void __cdecl init(void)" (?init@@YAXXZ) 中被引用
main.obj : error LNK2019: 无法解析的外部符号 __imp_glutMouseFunc，该符号在函数 "void __cdecl init(void)" (?init@@YAXXZ) 中被引用
main.obj : error LNK2019: 无法解析的外部符号 __imp_glutMotionFunc，该符号在函数 "void __cdecl init(void)" (?init@@YAXXZ) 中被引用
main.obj : error LNK2019: 无法解析的外部符号 __imp___glutInitWithExit，该符号在函数 glutInit_ATEXIT_HACK 中被引用
main.obj : error LNK2019: 无法解析的外部符号 __imp___glutCreateWindowWithExit，该符号在函数 glutCreateWindow_ATEXIT_HACK 中被引用
main.obj : error LNK2001: 无法解析的外部符号 __imp_glewExperimental
D:\vs2019\intsall\VC\Tools\MSVC\14.25.28610\lib\x64\freeglutd.lib : warning LNK4272: 库计算机类型“x86”与目标计算机类型“x64”冲突
D:\vs2019\intsall\VC\Tools\MSVC\14.25.28610\lib\x64\glew32.lib : warning LNK4272: 库计算机类型“x86”与目标计算机类型“x64”冲突
D:\桌面文件\可视化大作业1\破败的世界源码\HugeHomework\x64\Debug\HugeHomework.exe : fatal error LNK1120: 29 个无法解析的外部命令
