InitShader.obj : error LNK2001: 无法解析的外部符号 __imp___glewAttachShader
InitShader.obj : error LNK2001: 无法解析的外部符号 __imp___glewCompileShader
InitShader.obj : error LNK2001: 无法解析的外部符号 __imp___glewCreateProgram
InitShader.obj : error LNK2001: 无法解析的外部符号 __imp___glewCreateShader
InitShader.obj : error LNK2001: 无法解析的外部符号 __imp___glewGetProgramInfoLog
InitShader.obj : error LNK2001: 无法解析的外部符号 __imp___glewGetProgramiv
InitShader.obj : error LNK2001: 无法解析的外部符号 __imp___glewGetShaderInfoLog
InitShader.obj : error LNK2001: 无法解析的外部符号 __imp___glewGetShaderiv
InitShader.obj : error LNK2001: 无法解析的外部符号 __imp___glewLinkProgram
InitShader.obj : error LNK2001: 无法解析的外部符号 __imp___glewShaderSource
InitShader.obj : error LNK2001: 无法解析的外部符号 __imp___glewUseProgram
main.obj : error LNK2019: 无法解析的外部符号 __imp_glewInit，该符号在函数 main 中被引用
main.obj : error LNK2019: 无法解析的外部符号 __imp_glutInitWindowPosition，该符号在函数 main 中被引用
main.obj : error LNK2019: 无法解析的外部符号 __imp_glutInitWindowSize，该符号在函数 main 中被引用
main.obj : error LNK2019: 无法解析的外部符号 __imp_glutInitDisplayMode，该符号在函数 main 中被引用
main.obj : error LNK2019: 无法解析的外部符号 __imp_glutMainLoop，该符号在函数 main 中被引用
main.obj : error LNK2019: 无法解析的外部符号 __imp_glutPostWindowRedisplay，该符号在函数 "void __cdecl RenderScene(void)" (?RenderScene@@YAXXZ) 中被引用
main.obj : error LNK2019: 无法解析的外部符号 __imp_glutPostRedisplay，该符号在函数 "void __cdecl motion(int,int)" (?motion@@YAXHH@Z) 中被引用
main.obj : error LNK2019: 无法解析的外部符号 __imp_glutSwapBuffers，该符号在函数 "void __cdecl RenderScene(void)" (?RenderScene@@YAXXZ) 中被引用
main.obj : error LNK2019: 无法解析的外部符号 __imp_glutKeyboardFunc，该符号在函数 main 中被引用
main.obj : error LNK2019: 无法解析的外部符号 __imp_glutReshapeFunc，该符号在函数 main 中被引用
main.obj : error LNK2019: 无法解析的外部符号 __imp_glutDisplayFunc，该符号在函数 main 中被引用
main.obj : error LNK2019: 无法解析的外部符号 __imp_glutMouseFunc，该符号在函数 main 中被引用
main.obj : error LNK2019: 无法解析的外部符号 __imp_glutMotionFunc，该符号在函数 main 中被引用
main.obj : error LNK2019: 无法解析的外部符号 __imp___glutInitWithExit，该符号在函数 glutInit_ATEXIT_HACK 中被引用
main.obj : error LNK2019: 无法解析的外部符号 __imp___glutCreateWindowWithExit，该符号在函数 glutCreateWindow_ATEXIT_HACK 中被引用
main.obj : error LNK2019: 无法解析的外部符号 SOIL_load_image，该符号在函数 "struct texture_data __cdecl load_texture2(char const *)" (?load_texture2@@YA?AUtexture_data@@PEBD@Z) 中被引用
main.obj : error LNK2019: 无法解析的外部符号 SOIL_free_image_data，该符号在函数 "void __cdecl add_textures(void)" (?add_textures@@YAXXZ) 中被引用
main.obj : error LNK2001: 无法解析的外部符号 __imp_glewExperimental
D:\vs2019\intsall\VC\Tools\MSVC\14.25.28610\lib\x64\freeglutd.lib : warning LNK4272: 库计算机类型“x86”与目标计算机类型“x64”冲突
D:\vs2019\intsall\VC\Tools\MSVC\14.25.28610\lib\x64\glew32.lib : warning LNK4272: 库计算机类型“x86”与目标计算机类型“x64”冲突
D:\桌面文件\可视化大作业\HugeHomework\x64\Debug\HugeHomework.exe : fatal error LNK1120: 29 个无法解析的外部命令
